<?xml version="1.0" encoding="UTF-8"?>
<testng-results skipped="0" failed="0" ignored="0" total="1" passed="1">
  <reporter-output>
  </reporter-output>
  <suite name="Default suite" duration-ms="1860" started-at="2017-04-04T14:52:59Z" finished-at="2017-04-04T14:53:00Z">
    <groups>
    </groups>
    <test name="Default test" duration-ms="1860" started-at="2017-04-04T14:52:59Z" finished-at="2017-04-04T14:53:00Z">
      <class name="mq.com.restassured02.Test01">
        <test-method status="PASS" signature="getAccessToken()[pri:0, instance:mq.com.restassured02.Test01@6d8a00e3]" name="getAccessToken" duration-ms="1843" started-at="2017-04-04T10:52:59Z" finished-at="2017-04-04T10:53:00Z">
          <reporter-output>
          </reporter-output>
        </test-method> <!-- getAccessToken -->
      </class> <!-- mq.com.restassured02.Test01 -->
    </test> <!-- Default test -->
  </suite> <!-- Default suite -->
</testng-results>
